     1                                  ; nasm -f elf -l example.lst example.asm
     2                                  ; gcc -o example example.o
     3                                  
     4                                    SECTION .text
     5                                    global main
     6                                    global sample
     7                                    global gadget
     8                                  
     9                                  main:
    10 00000000 B854414D55                mov eax, 0x554D4154
    11 00000005 90                        nop
    12 00000006 90                        nop
    13 00000007 90                        nop
    14                                   
    15                                    ; exit(0) 
    16 00000008 BB00000000                mov ebx,0
    17 0000000D B801000000                mov eax,1
    18 00000012 CD80                      int 0x80
    19                                  
    20                                  sample:
    21 00000014 B8894108C3                mov eax, 0xC3084189
    22 00000019 894108                    mov [ecx+8],eax
    23 0000001C C3                        ret
    24                                  
    25                                  gadget:
    26 0000001D 58                        pop eax
    27 0000001E C3                        ret
    28                                  
